<?xml version="1.0" encoding="UTF-8"?>
<!-- Generated by org.testng.reporters.JUnitReportReporter -->
<testsuite hostname="IN-Sandeep" name="DD_TestCases.LoginTest" tests="8" failures="0" timestamp="23 Jul 2017 04:41:38 GMT" time="2.132" errors="0">
  <testcase name="doLogin" time="0.149" classname="DD_TestCases.LoginTest"/>
  <testcase name="doLogin" time="0.152" classname="DD_TestCases.LoginTest"/>
  <testcase name="doLogin" time="0.178" classname="DD_TestCases.LoginTest"/>
  <testcase name="doLogin" time="0.152" classname="DD_TestCases.LoginTest"/>
  <testcase name="doLogin" time="0.150" classname="DD_TestCases.LoginTest"/>
  <testcase name="doLogin" time="0.220" classname="DD_TestCases.LoginTest"/>
  <testcase name="doLogin" time="0.157" classname="DD_TestCases.LoginTest"/>
  <testcase name="doLogin" time="0.974" classname="DD_TestCases.LoginTest"/>
</testsuite> <!-- DD_TestCases.LoginTest -->
