<?xml version="1.0" encoding="UTF-8"?>
<!-- Generated by org.testng.reporters.JUnitReportReporter -->
<testsuite hostname="IN-Sandeep" name="DD_TestCases.RegisterTest" tests="1" failures="0" timestamp="23 Jul 2017 04:41:38 GMT" time="1.685" errors="0">
  <testcase name="doRegisterTest" time="1.685" classname="DD_TestCases.RegisterTest"/>
</testsuite> <!-- DD_TestCases.RegisterTest -->
