<?xml version="1.0" encoding="UTF-8"?>
<!-- Generated by org.testng.reporters.JUnitReportReporter -->
<testsuite hostname="IN-Sandeep" name="DD_TestCases.LoginTest" tests="1" failures="0" timestamp="22 Jul 2017 05:09:01 GMT" time="0.210" errors="0">
  <testcase name="doLogin" time="0.210" classname="DD_TestCases.LoginTest"/>
</testsuite> <!-- DD_TestCases.LoginTest -->
